0 info it worked if it ends with ok
1 verbose cli [ 'C:\\Program Files (x86)\\Microsoft Visual Studio\\2017\\Professional\\Web\\External\\Node.exe',
1 verbose cli   'C:\\Program Files (x86)\\Microsoft Visual Studio\\2017\\Professional\\Web\\External\\node_modules\\npm\\bin\\npm-cli.js',
1 verbose cli   'install' ]
2 info using npm@3.3.4
3 info using node@v5.4.1
4 silly loadCurrentTree Starting
5 silly install loadCurrentTree
6 silly install readLocalPackageData
7 silly install normalizeTree
8 silly loadCurrentTree Finishing
9 silly loadIdealTree Starting
10 silly install loadIdealTree
11 silly cloneCurrentTree Starting
12 silly install cloneCurrentTreeToIdealTree
13 silly cloneCurrentTree Finishing
14 silly loadShrinkwrap Starting
15 silly install loadShrinkwrap
16 silly loadShrinkwrap Finishing
17 silly loadAllDepsIntoIdealTree Starting
18 silly install loadAllDepsIntoIdealTree
19 silly fetchNamedPackageData @angular/cdk
20 silly mapToRegistry name @angular/cdk
21 silly mapToRegistry scope (from package name) @angular
22 verbose mapToRegistry no registry URL found in name for scope @angular
23 silly mapToRegistry using default registry
24 silly mapToRegistry registry https://registry.npmjs.org/
25 silly mapToRegistry uri https://registry.npmjs.org/@angular%2fcdk
26 verbose request uri https://registry.npmjs.org/@angular%2fcdk
27 verbose request no auth needed
28 info attempt registry request try #1 at 4:09:47 PM
29 verbose request id d670d8c1402dfbdf
30 http request GET https://registry.npmjs.org/@angular%2fcdk
31 info retry will retry, error on last attempt: Error: connect ETIMEDOUT 104.16.25.35:443
32 info attempt registry request try #2 at 4:10:18 PM
33 http request GET https://registry.npmjs.org/@angular%2fcdk
34 info retry will retry, error on last attempt: Error: connect ETIMEDOUT 104.16.25.35:443
35 info attempt registry request try #3 at 4:11:39 PM
36 http request GET https://registry.npmjs.org/@angular%2fcdk
37 silly fetchPackageMetaData Error: connect ETIMEDOUT 104.16.20.35:443
37 silly fetchPackageMetaData     at Object.exports._errnoException (util.js:856:11)
37 silly fetchPackageMetaData     at exports._exceptionWithHostPort (util.js:879:20)
37 silly fetchPackageMetaData     at TCPConnectWrap.afterConnect [as oncomplete] (net.js:1062:14)
37 silly fetchPackageMetaData  error for @angular/cdk@^5.2.5 { [Error: connect ETIMEDOUT 104.16.20.35:443]
37 silly fetchPackageMetaData   code: 'ETIMEDOUT',
37 silly fetchPackageMetaData   errno: 'ETIMEDOUT',
37 silly fetchPackageMetaData   syscall: 'connect',
37 silly fetchPackageMetaData   address: '104.16.20.35',
37 silly fetchPackageMetaData   port: 443 }
38 silly rollbackFailedOptional Starting
39 silly rollbackFailedOptional Finishing
40 silly runTopLevelLifecycles Starting
41 silly runTopLevelLifecycles Finishing
42 silly install printInstalled
43 verbose stack Error: connect ETIMEDOUT 104.16.20.35:443
43 verbose stack     at Object.exports._errnoException (util.js:856:11)
43 verbose stack     at exports._exceptionWithHostPort (util.js:879:20)
43 verbose stack     at TCPConnectWrap.afterConnect [as oncomplete] (net.js:1062:14)
44 verbose cwd C:\Sudha-angularSamples\UpdatedCustomerPortal\TenendusCustomerPortal
45 error Windows_NT 10.0.14393
46 error argv "C:\\Program Files (x86)\\Microsoft Visual Studio\\2017\\Professional\\Web\\External\\Node.exe" "C:\\Program Files (x86)\\Microsoft Visual Studio\\2017\\Professional\\Web\\External\\node_modules\\npm\\bin\\npm-cli.js" "install"
47 error node v5.4.1
48 error npm  v3.3.4
49 error code ETIMEDOUT
50 error errno ETIMEDOUT
51 error syscall connect
52 error network connect ETIMEDOUT 104.16.20.35:443
52 error network This is most likely not a problem with npm itself
52 error network and is related to network connectivity.
52 error network In most cases you are behind a proxy or have bad network settings.
52 error network
52 error network If you are behind a proxy, please make sure that the
52 error network 'proxy' config is set properly.  See: 'npm help config'
53 verbose exit [ 1, true ]
